* using log directory ‘/Users/yehe/Desktop/HDNRA/HDNRA.Rcheck’
* using R version 4.3.2 (2023-10-31)
* using platform: aarch64-apple-darwin20 (64-bit)
* R was compiled by
    Apple clang version 14.0.0 (clang-1400.0.29.202)
    GNU Fortran (GCC) 12.2.0
* running under: macOS Sonoma 14.2.1
* using session charset: UTF-8
* using option ‘--as-cran’
* checking for file ‘HDNRA/DESCRIPTION’ ... OK
* checking extension type ... Package
* this is package ‘HDNRA’ version ‘1.0.0’
* package encoding: UTF-8
* checking CRAN incoming feasibility ... [3s/19s] NOTE
Maintainer: ‘Pengfei Wang <nie23.wp8738@e.ntu.edu.sg>’

New submission

Found the following (possibly) invalid URLs:
  URL: https://www.jstor.org/stable/24306018
    From: DESCRIPTION
          man/HDNRA-package.Rd
          man/ts_bs1996.Rd
    Status: 403
    Message: Forbidden
* checking package namespace information ... OK
* checking package dependencies ... OK
* checking if this is a source package ... OK
* checking if there is a namespace ... OK
* checking for executable files ... OK
* checking for hidden files and directories ... OK
* checking for portable file names ... OK
* checking for sufficient/correct file permissions ... OK
* checking serialization versions ... OK
* checking whether package ‘HDNRA’ can be installed ... [14s/16s] OK
* used C++ compiler: ‘Apple clang version 15.0.0 (clang-1500.1.0.2.5)’
* used SDK: ‘MacOSX14.2.sdk’
* checking installed package size ... NOTE
  installed size is  6.5Mb
  sub-directories of 1Mb or more:
    data   5.8Mb
* checking package directory ... OK
* checking for future file timestamps ... OK
* checking DESCRIPTION meta-information ... OK
* checking top-level files ... NOTE
Files ‘README.md’ or ‘NEWS.md’ cannot be checked without ‘pandoc’ being installed.
* checking for left-over files ... OK
* checking index information ... OK
* checking package subdirectories ... OK
* checking R files for non-ASCII characters ... OK
* checking R files for syntax errors ... OK
* checking whether the package can be loaded ... OK
* checking whether the package can be loaded with stated dependencies ... OK
* checking whether the package can be unloaded cleanly ... OK
* checking whether the namespace can be loaded with stated dependencies ... OK
* checking whether the namespace can be unloaded cleanly ... OK
* checking use of S3 registration ... OK
* checking dependencies in R code ... OK
* checking S3 generic/method consistency ... OK
* checking replacement functions ... OK
* checking foreign function calls ... OK
* checking R code for possible problems ... OK
* checking Rd files ... OK
* checking Rd metadata ... OK
* checking Rd line widths ... OK
* checking Rd cross-references ... OK
* checking for missing documentation entries ... OK
* checking for code/documentation mismatches ... OK
* checking Rd \usage sections ... OK
* checking Rd contents ... OK
* checking for unstated dependencies in examples ... OK
* checking contents of ‘data’ directory ... OK
* checking data for non-ASCII characters ... OK
* checking LazyData ... OK
* checking data for ASCII and uncompressed saves ... OK
* checking line endings in C/C++/Fortran sources/headers ... OK
* checking line endings in Makefiles ... OK
* checking compilation flags in Makevars ... OK
* checking for GNU extensions in Makefiles ... OK
* checking for portable use of $(BLAS_LIBS) and $(LAPACK_LIBS) ... OK
* checking use of PKG_*FLAGS in Makefiles ... OK
* checking use of SHLIB_OPENMP_*FLAGS in Makefiles ... OK
* checking pragmas in C/C++ headers and code ... OK
* checking compilation flags used ... OK
* checking compiled code ... OK
* checking examples ... OK
* checking for unstated dependencies in ‘tests’ ... OK
* checking tests ... OK
  Running ‘spelling.R’
* checking PDF version of manual ... OK
* checking HTML version of manual ... NOTE
Found the following HTML validation problems:
COVID19.html:4:1 (COVID19.Rd:6): Warning: <link> inserting "type" attribute
COVID19.html:12:1 (COVID19.Rd:6): Warning: <script> proprietary attribute "onload"
COVID19.html:12:1 (COVID19.Rd:6): Warning: <script> inserting "type" attribute
COVID19.html:17:1 (COVID19.Rd:6): Warning: <table> lacks "summary" attribute
HDNRA-package.html:4:1 (HDNRA-package.Rd:7): Warning: <link> inserting "type" attribute
HDNRA-package.html:12:1 (HDNRA-package.Rd:7): Warning: <script> proprietary attribute "onload"
HDNRA-package.html:12:1 (HDNRA-package.Rd:7): Warning: <script> inserting "type" attribute
HDNRA-package.html:17:1 (HDNRA-package.Rd:7): Warning: <table> lacks "summary" attribute
corneal.html:23:343 (corneal.Rd:23): Warning: replacing invalid character code 151
corneal.html:58:14 (corneal.Rd:39): Warning: discarding invalid character code 129
corneal.html:4:1 (corneal.Rd:6): Warning: <link> inserting "type" attribute
corneal.html:12:1 (corneal.Rd:6): Warning: <script> proprietary attribute "onload"
corneal.html:12:1 (corneal.Rd:6): Warning: <script> inserting "type" attribute
corneal.html:17:1 (corneal.Rd:6): Warning: <table> lacks "summary" attribute
glht_fhw2004.html:4:1 (glht_fhw2004.Rd:5): Warning: <link> inserting "type" attribute
glht_fhw2004.html:12:1 (glht_fhw2004.Rd:5): Warning: <script> proprietary attribute "onload"
glht_fhw2004.html:12:1 (glht_fhw2004.Rd:5): Warning: <script> inserting "type" attribute
glht_fhw2004.html:17:1 (glht_fhw2004.Rd:5): Warning: <table> lacks "summary" attribute
glht_fhw2004.html:35:1 (glht_fhw2004.Rd:10): Warning: <table> lacks "summary" attribute
glht_sf2006.html:4:1 (glht_sf2006.Rd:5): Warning: <link> inserting "type" attribute
glht_sf2006.html:12:1 (glht_sf2006.Rd:5): Warning: <script> proprietary attribute "onload"
glht_sf2006.html:12:1 (glht_sf2006.Rd:5): Warning: <script> inserting "type" attribute
glht_sf2006.html:17:1 (glht_sf2006.Rd:5): Warning: <table> lacks "summary" attribute
glht_sf2006.html:35:1 (glht_sf2006.Rd:10): Warning: <table> lacks "summary" attribute
glht_ys2012.html:4:1 (glht_ys2012.Rd:5): Warning: <link> inserting "type" attribute
glht_ys2012.html:12:1 (glht_ys2012.Rd:5): Warning: <script> proprietary attribute "onload"
glht_ys2012.html:12:1 (glht_ys2012.Rd:5): Warning: <script> inserting "type" attribute
glht_ys2012.html:17:1 (glht_ys2012.Rd:5): Warning: <table> lacks "summary" attribute
glht_ys2012.html:35:1 (glht_ys2012.Rd:10): Warning: <table> lacks "summary" attribute
glht_zgz2017.html:4:1 (glht_zgz2017.Rd:5): Warning: <link> inserting "type" attribute
glht_zgz2017.html:12:1 (glht_zgz2017.Rd:5): Warning: <script> proprietary attribute "onload"
glht_zgz2017.html:12:1 (glht_zgz2017.Rd:5): Warning: <script> inserting "type" attribute
glht_zgz2017.html:17:1 (glht_zgz2017.Rd:5): Warning: <table> lacks "summary" attribute
glht_zgz2017.html:35:1 (glht_zgz2017.Rd:10): Warning: <table> lacks "summary" attribute
glht_zz2022.html:4:1 (glht_zz2022.Rd:5): Warning: <link> inserting "type" attribute
glht_zz2022.html:12:1 (glht_zz2022.Rd:5): Warning: <script> proprietary attribute "onload"
glht_zz2022.html:12:1 (glht_zz2022.Rd:5): Warning: <script> inserting "type" attribute
glht_zz2022.html:17:1 (glht_zz2022.Rd:5): Warning: <table> lacks "summary" attribute
glht_zz2022.html:35:1 (glht_zz2022.Rd:10): Warning: <table> lacks "summary" attribute
glht_zzz2022.html:4:1 (glht_zzz2022.Rd:5): Warning: <link> inserting "type" attribute
glht_zzz2022.html:12:1 (glht_zzz2022.Rd:5): Warning: <script> proprietary attribute "onload"
glht_zzz2022.html:12:1 (glht_zzz2022.Rd:5): Warning: <script> inserting "type" attribute
glht_zzz2022.html:17:1 (glht_zzz2022.Rd:5): Warning: <table> lacks "summary" attribute
glht_zzz2022.html:35:1 (glht_zzz2022.Rd:10): Warning: <table> lacks "summary" attribute
glhtbf_zgz2017.html:4:1 (glhtbf_zgz2017.Rd:5): Warning: <link> inserting "type" attribute
glhtbf_zgz2017.html:12:1 (glhtbf_zgz2017.Rd:5): Warning: <script> proprietary attribute "onload"
glhtbf_zgz2017.html:12:1 (glhtbf_zgz2017.Rd:5): Warning: <script> inserting "type" attribute
glhtbf_zgz2017.html:17:1 (glhtbf_zgz2017.Rd:5): Warning: <table> lacks "summary" attribute
glhtbf_zgz2017.html:35:1 (glhtbf_zgz2017.Rd:10): Warning: <table> lacks "summary" attribute
glhtbf_zz2022.html:4:1 (glhtbf_zz2022.Rd:5): Warning: <link> inserting "type" attribute
glhtbf_zz2022.html:12:1 (glhtbf_zz2022.Rd:5): Warning: <script> proprietary attribute "onload"
glhtbf_zz2022.html:12:1 (glhtbf_zz2022.Rd:5): Warning: <script> inserting "type" attribute
glhtbf_zz2022.html:17:1 (glhtbf_zz2022.Rd:5): Warning: <table> lacks "summary" attribute
glhtbf_zz2022.html:35:1 (glhtbf_zz2022.Rd:10): Warning: <table> lacks "summary" attribute
glhtbf_zzg2022.html:4:1 (glhtbf_zzg2022.Rd:5): Warning: <link> inserting "type" attribute
glhtbf_zzg2022.html:12:1 (glhtbf_zzg2022.Rd:5): Warning: <script> proprietary attribute "onload"
glhtbf_zzg2022.html:12:1 (glhtbf_zzg2022.Rd:5): Warning: <script> inserting "type" attribute
glhtbf_zzg2022.html:17:1 (glhtbf_zzg2022.Rd:5): Warning: <table> lacks "summary" attribute
glhtbf_zzg2022.html:35:1 (glhtbf_zzg2022.Rd:10): Warning: <table> lacks "summary" attribute
ks_s2007.html:4:1 (ks_s2007.Rd:5): Warning: <link> inserting "type" attribute
ks_s2007.html:12:1 (ks_s2007.Rd:5): Warning: <script> proprietary attribute "onload"
ks_s2007.html:12:1 (ks_s2007.Rd:5): Warning: <script> inserting "type" attribute
ks_s2007.html:17:1 (ks_s2007.Rd:5): Warning: <table> lacks "summary" attribute
ks_s2007.html:35:1 (ks_s2007.Rd:10): Warning: <table> lacks "summary" attribute
ts_bs1996.html:4:1 (ts_bs1996.Rd:5): Warning: <link> inserting "type" attribute
ts_bs1996.html:12:1 (ts_bs1996.Rd:5): Warning: <script> proprietary attribute "onload"
ts_bs1996.html:12:1 (ts_bs1996.Rd:5): Warning: <script> inserting "type" attribute
ts_bs1996.html:17:1 (ts_bs1996.Rd:5): Warning: <table> lacks "summary" attribute
ts_bs1996.html:35:1 (ts_bs1996.Rd:10): Warning: <table> lacks "summary" attribute
ts_sd2008.html:4:1 (ts_sd2008.Rd:5): Warning: <link> inserting "type" attribute
ts_sd2008.html:12:1 (ts_sd2008.Rd:5): Warning: <script> proprietary attribute "onload"
ts_sd2008.html:12:1 (ts_sd2008.Rd:5): Warning: <script> inserting "type" attribute
ts_sd2008.html:17:1 (ts_sd2008.Rd:5): Warning: <table> lacks "summary" attribute
ts_sd2008.html:35:1 (ts_sd2008.Rd:10): Warning: <table> lacks "summary" attribute
ts_zgzc2020.html:4:1 (ts_zgzc2020.Rd:5): Warning: <link> inserting "type" attribute
ts_zgzc2020.html:12:1 (ts_zgzc2020.Rd:5): Warning: <script> proprietary attribute "onload"
ts_zgzc2020.html:12:1 (ts_zgzc2020.Rd:5): Warning: <script> inserting "type" attribute
ts_zgzc2020.html:17:1 (ts_zgzc2020.Rd:5): Warning: <table> lacks "summary" attribute
ts_zgzc2020.html:35:1 (ts_zgzc2020.Rd:10): Warning: <table> lacks "summary" attribute
ts_zz2022.html:4:1 (ts_zz2022.Rd:5): Warning: <link> inserting "type" attribute
ts_zz2022.html:12:1 (ts_zz2022.Rd:5): Warning: <script> proprietary attribute "onload"
ts_zz2022.html:12:1 (ts_zz2022.Rd:5): Warning: <script> inserting "type" attribute
ts_zz2022.html:17:1 (ts_zz2022.Rd:5): Warning: <table> lacks "summary" attribute
ts_zz2022.html:35:1 (ts_zz2022.Rd:10): Warning: <table> lacks "summary" attribute
ts_zzz2020.html:4:1 (ts_zzz2020.Rd:5): Warning: <link> inserting "type" attribute
ts_zzz2020.html:12:1 (ts_zzz2020.Rd:5): Warning: <script> proprietary attribute "onload"
ts_zzz2020.html:12:1 (ts_zzz2020.Rd:5): Warning: <script> inserting "type" attribute
ts_zzz2020.html:17:1 (ts_zzz2020.Rd:5): Warning: <table> lacks "summary" attribute
ts_zzz2020.html:35:1 (ts_zzz2020.Rd:10): Warning: <table> lacks "summary" attribute
tsbf_cq2010.html:4:1 (tsbf_cq2010.Rd:5): Warning: <link> inserting "type" attribute
tsbf_cq2010.html:12:1 (tsbf_cq2010.Rd:5): Warning: <script> proprietary attribute "onload"
tsbf_cq2010.html:12:1 (tsbf_cq2010.Rd:5): Warning: <script> inserting "type" attribute
tsbf_cq2010.html:17:1 (tsbf_cq2010.Rd:5): Warning: <table> lacks "summary" attribute
tsbf_cq2010.html:35:1 (tsbf_cq2010.Rd:10): Warning: <table> lacks "summary" attribute
tsbf_skk2013.html:4:1 (tsbf_skk2013.Rd:5): Warning: <link> inserting "type" attribute
tsbf_skk2013.html:12:1 (tsbf_skk2013.Rd:5): Warning: <script> proprietary attribute "onload"
tsbf_skk2013.html:12:1 (tsbf_skk2013.Rd:5): Warning: <script> inserting "type" attribute
tsbf_skk2013.html:17:1 (tsbf_skk2013.Rd:5): Warning: <table> lacks "summary" attribute
tsbf_skk2013.html:35:1 (tsbf_skk2013.Rd:10): Warning: <table> lacks "summary" attribute
tsbf_zwz2023.html:4:1 (tsbf_zwz2023.Rd:5): Warning: <link> inserting "type" attribute
tsbf_zwz2023.html:12:1 (tsbf_zwz2023.Rd:5): Warning: <script> proprietary attribute "onload"
tsbf_zwz2023.html:12:1 (tsbf_zwz2023.Rd:5): Warning: <script> inserting "type" attribute
tsbf_zwz2023.html:17:1 (tsbf_zwz2023.Rd:5): Warning: <table> lacks "summary" attribute
tsbf_zwz2023.html:35:1 (tsbf_zwz2023.Rd:10): Warning: <table> lacks "summary" attribute
tsbf_zz2022.html:94:36 (tsbf_zz2022.Rd:67): Warning: replacing invalid character code 128
tsbf_zz2022.html:94:37 (tsbf_zz2022.Rd:67): Warning: replacing invalid character code 153
tsbf_zz2022.html:4:1 (tsbf_zz2022.Rd:5): Warning: <link> inserting "type" attribute
tsbf_zz2022.html:12:1 (tsbf_zz2022.Rd:5): Warning: <script> proprietary attribute "onload"
tsbf_zz2022.html:12:1 (tsbf_zz2022.Rd:5): Warning: <script> inserting "type" attribute
tsbf_zz2022.html:17:1 (tsbf_zz2022.Rd:5): Warning: <table> lacks "summary" attribute
tsbf_zz2022.html:35:1 (tsbf_zz2022.Rd:10): Warning: <table> lacks "summary" attribute
tsbf_zzgz2021.html:4:1 (tsbf_zzgz2021.Rd:5): Warning: <link> inserting "type" attribute
tsbf_zzgz2021.html:12:1 (tsbf_zzgz2021.Rd:5): Warning: <script> proprietary attribute "onload"
tsbf_zzgz2021.html:12:1 (tsbf_zzgz2021.Rd:5): Warning: <script> inserting "type" attribute
tsbf_zzgz2021.html:17:1 (tsbf_zzgz2021.Rd:5): Warning: <table> lacks "summary" attribute
tsbf_zzgz2021.html:35:1 (tsbf_zzgz2021.Rd:10): Warning: <table> lacks "summary" attribute
tsbf_zzz2023.html:4:1 (tsbf_zzz2023.Rd:5): Warning: <link> inserting "type" attribute
tsbf_zzz2023.html:12:1 (tsbf_zzz2023.Rd:5): Warning: <script> proprietary attribute "onload"
tsbf_zzz2023.html:12:1 (tsbf_zzz2023.Rd:5): Warning: <script> inserting "type" attribute
tsbf_zzz2023.html:17:1 (tsbf_zzz2023.Rd:5): Warning: <table> lacks "summary" attribute
tsbf_zzz2023.html:35:1 (tsbf_zzz2023.Rd:10): Warning: <table> lacks "summary" attribute
* checking for non-standard things in the check directory ... OK
* checking for detritus in the temp directory ... OK
* DONE
Status: 4 NOTEs
