Hmm ... looks like a package
Converting parsed Rd's to LaTeX ..
Creating pdf output from LaTeX ...

This is pdfTeX, Version 3.141592653-2.6-1.40.25 (TeX Live 2023) (preloaded format=pdflatex)
 restricted \write18 enabled.
entering extended mode
LaTeX2e <2022-11-01> patch level 1
L3 programming layer <2023-02-22> (./Rd2.tex
(/usr/local/texlive/2023/texmf-dist/tex/latex/base/book.cls
Document Class: book 2022/07/02 v1.4n Standard LaTeX document class
(/usr/local/texlive/2023/texmf-dist/tex/latex/base/bk10.clo))
(/Library/Frameworks/R.framework/Resources/share/texmf/tex/latex/Rd.sty
(/usr/local/texlive/2023/texmf-dist/tex/latex/base/ifthen.sty)
(/usr/local/texlive/2023/texmf-dist/tex/latex/tools/longtable.sty)
(/usr/local/texlive/2023/texmf-dist/tex/latex/tools/bm.sty)
(/usr/local/texlive/2023/texmf-dist/tex/latex/base/alltt.sty)
(/usr/local/texlive/2023/texmf-dist/tex/latex/tools/verbatim.sty)
(/usr/local/texlive/2023/texmf-dist/tex/latex/url/url.sty)
(/usr/local/texlive/2023/texmf-dist/tex/latex/base/textcomp.sty)
(/usr/local/texlive/2023/texmf-dist/tex/latex/amsmath/amsmath.sty
For additional information on amsmath, use the `?' option.
(/usr/local/texlive/2023/texmf-dist/tex/latex/amsmath/amstext.sty
(/usr/local/texlive/2023/texmf-dist/tex/latex/amsmath/amsgen.sty))
(/usr/local/texlive/2023/texmf-dist/tex/latex/amsmath/amsbsy.sty)
(/usr/local/texlive/2023/texmf-dist/tex/latex/amsmath/amsopn.sty))
(/usr/local/texlive/2023/texmf-dist/tex/latex/amsfonts/amsfonts.sty)
(/usr/local/texlive/2023/texmf-dist/tex/latex/amsfonts/amssymb.sty)
(/usr/local/texlive/2023/texmf-dist/tex/latex/jknapltx/mathrsfs.sty)
(/usr/local/texlive/2023/texmf-dist/tex/generic/iftex/iftex.sty)
(/usr/local/texlive/2023/texmf-dist/tex/latex/base/fontenc.sty)
(/usr/local/texlive/2023/texmf-dist/tex/latex/psnfss/times.sty)
(/usr/local/texlive/2023/texmf-dist/tex/latex/inconsolata/zi4.sty
`inconsolata-zi4' v1.12, 2019/05/17 Text macros for Inconsolata (msharpe)
(/usr/local/texlive/2023/texmf-dist/tex/latex/xkeyval/xkeyval.sty
(/usr/local/texlive/2023/texmf-dist/tex/generic/xkeyval/xkeyval.tex
(/usr/local/texlive/2023/texmf-dist/tex/generic/xkeyval/xkvutils.tex
(/usr/local/texlive/2023/texmf-dist/tex/generic/xkeyval/keyval.tex)))))
(/usr/local/texlive/2023/texmf-dist/tex/latex/graphics/color.sty
(/usr/local/texlive/2023/texmf-dist/tex/latex/graphics-cfg/color.cfg)
(/usr/local/texlive/2023/texmf-dist/tex/latex/graphics-def/pdftex.def)
(/usr/local/texlive/2023/texmf-dist/tex/latex/graphics/mathcolor.ltx))
(/usr/local/texlive/2023/texmf-dist/tex/latex/hyperref/hyperref.sty
(/usr/local/texlive/2023/texmf-dist/tex/generic/ltxcmds/ltxcmds.sty)
(/usr/local/texlive/2023/texmf-dist/tex/generic/pdftexcmds/pdftexcmds.sty
(/usr/local/texlive/2023/texmf-dist/tex/generic/infwarerr/infwarerr.sty))
(/usr/local/texlive/2023/texmf-dist/tex/latex/kvsetkeys/kvsetkeys.sty)
(/usr/local/texlive/2023/texmf-dist/tex/generic/kvdefinekeys/kvdefinekeys.sty)
(/usr/local/texlive/2023/texmf-dist/tex/generic/pdfescape/pdfescape.sty)
(/usr/local/texlive/2023/texmf-dist/tex/latex/hycolor/hycolor.sty)
(/usr/local/texlive/2023/texmf-dist/tex/latex/letltxmacro/letltxmacro.sty)
(/usr/local/texlive/2023/texmf-dist/tex/latex/auxhook/auxhook.sty)
(/usr/local/texlive/2023/texmf-dist/tex/latex/hyperref/nameref.sty
(/usr/local/texlive/2023/texmf-dist/tex/latex/refcount/refcount.sty)
(/usr/local/texlive/2023/texmf-dist/tex/generic/gettitlestring/gettitlestring.s
ty (/usr/local/texlive/2023/texmf-dist/tex/latex/kvoptions/kvoptions.sty)))
(/usr/local/texlive/2023/texmf-dist/tex/latex/hyperref/pd1enc.def)
(/usr/local/texlive/2023/texmf-dist/tex/generic/intcalc/intcalc.sty)
(/usr/local/texlive/2023/texmf-dist/tex/generic/etexcmds/etexcmds.sty)
(/usr/local/texlive/2023/texmf-dist/tex/latex/hyperref/puenc.def)
(/usr/local/texlive/2023/texmf-dist/tex/generic/bitset/bitset.sty
(/usr/local/texlive/2023/texmf-dist/tex/generic/bigintcalc/bigintcalc.sty))
(/usr/local/texlive/2023/texmf-dist/tex/latex/base/atbegshi-ltx.sty))
(/usr/local/texlive/2023/texmf-dist/tex/latex/hyperref/hpdftex.def
(/usr/local/texlive/2023/texmf-dist/tex/latex/base/atveryend-ltx.sty)
(/usr/local/texlive/2023/texmf-dist/tex/latex/rerunfilecheck/rerunfilecheck.sty

(/usr/local/texlive/2023/texmf-dist/tex/generic/uniquecounter/uniquecounter.sty
)))) (/usr/local/texlive/2023/texmf-dist/tex/latex/base/makeidx.sty)
(/usr/local/texlive/2023/texmf-dist/tex/latex/base/inputenc.sty)
Writing index file Rd2.idx
(/usr/local/texlive/2023/texmf-dist/tex/latex/psnfss/t1ptm.fd)
(/usr/local/texlive/2023/texmf-dist/tex/latex/l3backend/l3backend-pdftex.def)
No file Rd2.aux.
(/usr/local/texlive/2023/texmf-dist/tex/context/base/mkii/supp-pdf.mkii
[Loading MPS to PDF converter (version 2006.09.02).]
) (/usr/local/texlive/2023/texmf-dist/tex/latex/inconsolata/t1zi4.fd)
(/usr/local/texlive/2023/texmf-dist/tex/latex/amsfonts/umsa.fd)
(/usr/local/texlive/2023/texmf-dist/tex/latex/amsfonts/umsb.fd)
(/usr/local/texlive/2023/texmf-dist/tex/latex/jknapltx/ursfs.fd)
Overfull \hbox (166.6901pt too wide) in paragraph at lines 28--29
\T1/ptm/m/n/10 tava.(2012) <[][]doi:10.1080/03610926.2011.581786[][]>; Schott, 
James R.(2007) <[][]doi:10.1016/j.jmva.2006.11.007[][]>; Zhou, Bu, Jia Guo, and
 Jin- 
[1{/usr/local/texlive/2023/texmf-var/fonts/map/pdftex/updmap/pdftex.map}{/usr/l
ocal/texlive/2023/texmf-dist/fonts/enc/dvips/base/8r.enc}{/usr/local/texlive/20
23/texmf-dist/fonts/enc/dvips/inconsolata/i4-t1-0.enc}]
(/usr/local/texlive/2023/texmf-dist/tex/latex/psnfss/t1phv.fd)
No file Rd2.toc.

Overfull \hbox (27.37949pt too wide) in paragraph at lines 53--54
\T1/ptm/m/n/10 Saranadasa.(1996) [][]$\T1/zi4/m/n/10 https : / / www . jstor . 
org / stable / 24306018$[][]\T1/ptm/m/n/10 ; Chen, Song Xi, and Ying-Li Qin.(20
10)

Overfull \hbox (25.35872pt too wide) in paragraph at lines 53--54
\T1/ptm/m/n/10 Zhang.(2020) [][]doi:10.1016/j.ecosta.2019.12.002[][]; Zhang, Li
ang, Tian-ming Zhu, and Jin-Ting Zhang.(2023)

Overfull \hbox (86.19916pt too wide) in paragraph at lines 53--54
[][]\T1/ptm/m/n/10 doi:10.1080/02664763.2020.1834516[][]; Zhang, Jin-Ting, and 
Tian-ming Zhu.(2022) [][]doi:10.1080/10485252.2021.2015768[][];

Overfull \hbox (2.92876pt too wide) in paragraph at lines 53--54
\T1/ptm/m/n/10 Zhang, Jin-Ting, and Tian-ming Zhu.(2022) [][]doi:10.1007/s42519
-021-00232-w[][]; Zhu, Tian-ming, Pengfei

Overfull \hbox (14.28888pt too wide) in paragraph at lines 53--54
\T1/ptm/m/n/10 Guo.(2022) [][]doi:10.1016/j.jmva.2021.104816[][]; Zhu, Tian-min
g, Liang Zhang, and Jin-Ting Zhang.(2022)
[2] (/usr/local/texlive/2023/texmf-dist/tex/latex/psnfss/ts1ptm.fd) [3]
[4]
Overfull \hbox (29.91745pt too wide) in paragraph at lines 245--249
\T1/ptm/m/n/10 eroscedas-tic-ity.'' \T1/ptm/m/it/10 Jour-nal of Sta-tis-ti-cal 
Plan-ning and In-fer-ence\T1/ptm/m/n/10 , \T1/ptm/b/n/10 188\T1/ptm/m/n/10 , 36
--54. [][]doi:10.1016/j.jspi.2017.03.005[][]. 
[5]
Overfull \hbox (14.3668pt too wide) in paragraph at lines 280--281
[]\T1/ptm/m/n/10 Zhang and Zhu (2022)'s test for gen-eral lin-ear hy-poth-e-sis
 test-ing (GLHT) prob-lem for high-dimensional
[6]
Overfull \hbox (5.88618pt too wide) in paragraph at lines 335--339
[]\T1/ptm/m/n/10 Zhang J, Zhu T (2022). ``A new nor-mal ref-er-ence test for li
n-ear hy-poth-e-sis test-ing in high-dimensional
[7]
Overfull \hbox (1.75652pt too wide) in paragraph at lines 370--371
[]\T1/ptm/m/n/10 Zhang et al. (2022)'s test for gen-eral lin-ear hy-poth-e-sis 
test-ing (GLHT) prob-lem for high-dimensional
[8] [9]
Overfull \hbox (42.77475pt too wide) in paragraph at lines 520--520
 []\T1/zi4/m/n/9 X <- matrix(c(rep(1,n[1]),rep(0,sum(n)),rep(1,n[2]),rep(0,sum(
n)),rep(1,n[3])),ncol=k,nrow=sum(n))[] 
[10]
Overfull \hbox (9.90785pt too wide) in paragraph at lines 584--588
\T1/ptm/m/n/10 the di-men-sion.'' \T1/ptm/m/it/10 Jour-nal of Mul-ti-vari-ate A
nal-y-sis\T1/ptm/m/n/10 , \T1/ptm/b/n/10 97\T1/ptm/m/n/10 (9), 1927--1940. [][]
doi:10.1016/j.jmva.2005.08.010[][]. 
[11]
Overfull \hbox (42.77475pt too wide) in paragraph at lines 599--599
 []\T1/zi4/m/n/9 X <- matrix(c(rep(1,n[1]),rep(0,sum(n)),rep(1,n[2]),rep(0,sum(
n)),rep(1,n[3])),ncol=k,nrow=sum(n))[] 
[12]
Overfull \hbox (42.77475pt too wide) in paragraph at lines 680--680
 []\T1/zi4/m/n/9 X <- matrix(c(rep(1,n[1]),rep(0,sum(n)),rep(1,n[2]),rep(0,sum(
n)),rep(1,n[3])),ncol=k,nrow=sum(n))[] 
[13]
Overfull \hbox (1.75652pt too wide) in paragraph at lines 700--701
[]\T1/ptm/m/n/10 Zhang et al. (2017)'s test for gen-eral lin-ear hy-poth-e-sis 
test-ing (GLHT) prob-lem for high-dimensional

Overfull \hbox (4.39745pt too wide) in paragraph at lines 755--759
[]\T1/ptm/m/n/10 Zhang J, Guo J, Zhou B (2017). ``Lin-ear hy-poth-e-sis test-in
g in high-dimensional one-way MANOVA.''
[14]
Overfull \hbox (14.3668pt too wide) in paragraph at lines 787--788
[]\T1/ptm/m/n/10 Zhu and Zhang (2022)'s test for gen-eral lin-ear hy-poth-e-sis
 test-ing (GLHT) prob-lem for high-dimensional
[15] [16] [17] [18] [19] [20] [21] [22] [23] [24] [25]
Overfull \hbox (1.19743pt too wide) in paragraph at lines 1412--1416
[]\T1/ptm/m/n/10 Zhang J, Zhou B, Guo J, Zhu T (2021). ``Two-sample Behrens-Fis
her prob-lems for high-dimensional
[26] [27] [28] [29] [30] [31] [32] [33] [34]
No file Rd2.ind.
[35]
(/private/var/folders/sg/5zr6m1r54vx5zwj7z8yqkms00000gn/T/RtmpPTBGsY/Rd2pdf1072
d6705fc3f/Rd2.aux)

Package rerunfilecheck Warning: File `Rd2.out' has changed.
(rerunfilecheck)                Rerun to get outlines right
(rerunfilecheck)                or use package `bookmark'.

 )
(see the transcript file for additional information)</usr/local/texlive/2023/te
xmf-dist/fonts/type1/public/inconsolata/Inconsolata-zi4r.pfb></usr/local/texliv
e/2023/texmf-dist/fonts/type1/public/amsfonts/cm/cmbx10.pfb></usr/local/texlive
/2023/texmf-dist/fonts/type1/public/amsfonts/cm/cmex10.pfb></usr/local/texlive/
2023/texmf-dist/fonts/type1/public/amsfonts/cm/cmmi10.pfb></usr/local/texlive/2
023/texmf-dist/fonts/type1/public/amsfonts/cm/cmmi5.pfb></usr/local/texlive/202
3/texmf-dist/fonts/type1/public/amsfonts/cm/cmmi7.pfb></usr/local/texlive/2023/
texmf-dist/fonts/type1/public/amsfonts/cm/cmmib10.pfb></usr/local/texlive/2023/
texmf-dist/fonts/type1/public/amsfonts/cmextra/cmmib7.pfb></usr/local/texlive/2
023/texmf-dist/fonts/type1/public/amsfonts/cm/cmr10.pfb></usr/local/texlive/202
3/texmf-dist/fonts/type1/public/amsfonts/cm/cmr5.pfb></usr/local/texlive/2023/t
exmf-dist/fonts/type1/public/amsfonts/cm/cmr7.pfb></usr/local/texlive/2023/texm
f-dist/fonts/type1/public/amsfonts/cm/cmsy10.pfb></usr/local/texlive/2023/texmf
-dist/fonts/type1/public/amsfonts/cm/cmsy7.pfb></usr/local/texlive/2023/texmf-d
ist/fonts/type1/urw/helvetic/uhvr8a.pfb></usr/local/texlive/2023/texmf-dist/fon
ts/type1/urw/times/utmb8a.pfb></usr/local/texlive/2023/texmf-dist/fonts/type1/u
rw/times/utmr8a.pfb></usr/local/texlive/2023/texmf-dist/fonts/type1/urw/times/u
tmr8a.pfb></usr/local/texlive/2023/texmf-dist/fonts/type1/urw/times/utmri8a.pfb
>
Output written on Rd2.pdf (35 pages, 297787 bytes).
Transcript written on Rd2.log.
This is makeindex, version 2.17 [TeX Live 2023] (kpathsea + Thai support).
Scanning input file Rd2.idx....done (51 entries accepted, 0 rejected).
Sorting entries....done (287 comparisons).
Generating output file Rd2.ind....done (78 lines written, 0 warnings).
Output written in Rd2.ind.
Transcript written in Rd2.ilg.
This is pdfTeX, Version 3.141592653-2.6-1.40.25 (TeX Live 2023) (preloaded format=pdflatex)
 restricted \write18 enabled.
entering extended mode
LaTeX2e <2022-11-01> patch level 1
L3 programming layer <2023-02-22> (./Rd2.tex
(/usr/local/texlive/2023/texmf-dist/tex/latex/base/book.cls
Document Class: book 2022/07/02 v1.4n Standard LaTeX document class
(/usr/local/texlive/2023/texmf-dist/tex/latex/base/bk10.clo))
(/Library/Frameworks/R.framework/Resources/share/texmf/tex/latex/Rd.sty
(/usr/local/texlive/2023/texmf-dist/tex/latex/base/ifthen.sty)
(/usr/local/texlive/2023/texmf-dist/tex/latex/tools/longtable.sty)
(/usr/local/texlive/2023/texmf-dist/tex/latex/tools/bm.sty)
(/usr/local/texlive/2023/texmf-dist/tex/latex/base/alltt.sty)
(/usr/local/texlive/2023/texmf-dist/tex/latex/tools/verbatim.sty)
(/usr/local/texlive/2023/texmf-dist/tex/latex/url/url.sty)
(/usr/local/texlive/2023/texmf-dist/tex/latex/base/textcomp.sty)
(/usr/local/texlive/2023/texmf-dist/tex/latex/amsmath/amsmath.sty
For additional information on amsmath, use the `?' option.
(/usr/local/texlive/2023/texmf-dist/tex/latex/amsmath/amstext.sty
(/usr/local/texlive/2023/texmf-dist/tex/latex/amsmath/amsgen.sty))
(/usr/local/texlive/2023/texmf-dist/tex/latex/amsmath/amsbsy.sty)
(/usr/local/texlive/2023/texmf-dist/tex/latex/amsmath/amsopn.sty))
(/usr/local/texlive/2023/texmf-dist/tex/latex/amsfonts/amsfonts.sty)
(/usr/local/texlive/2023/texmf-dist/tex/latex/amsfonts/amssymb.sty)
(/usr/local/texlive/2023/texmf-dist/tex/latex/jknapltx/mathrsfs.sty)
(/usr/local/texlive/2023/texmf-dist/tex/generic/iftex/iftex.sty)
(/usr/local/texlive/2023/texmf-dist/tex/latex/base/fontenc.sty)
(/usr/local/texlive/2023/texmf-dist/tex/latex/psnfss/times.sty)
(/usr/local/texlive/2023/texmf-dist/tex/latex/inconsolata/zi4.sty
`inconsolata-zi4' v1.12, 2019/05/17 Text macros for Inconsolata (msharpe)
(/usr/local/texlive/2023/texmf-dist/tex/latex/xkeyval/xkeyval.sty
(/usr/local/texlive/2023/texmf-dist/tex/generic/xkeyval/xkeyval.tex
(/usr/local/texlive/2023/texmf-dist/tex/generic/xkeyval/xkvutils.tex
(/usr/local/texlive/2023/texmf-dist/tex/generic/xkeyval/keyval.tex)))))
(/usr/local/texlive/2023/texmf-dist/tex/latex/graphics/color.sty
(/usr/local/texlive/2023/texmf-dist/tex/latex/graphics-cfg/color.cfg)
(/usr/local/texlive/2023/texmf-dist/tex/latex/graphics-def/pdftex.def)
(/usr/local/texlive/2023/texmf-dist/tex/latex/graphics/mathcolor.ltx))
(/usr/local/texlive/2023/texmf-dist/tex/latex/hyperref/hyperref.sty
(/usr/local/texlive/2023/texmf-dist/tex/generic/ltxcmds/ltxcmds.sty)
(/usr/local/texlive/2023/texmf-dist/tex/generic/pdftexcmds/pdftexcmds.sty
(/usr/local/texlive/2023/texmf-dist/tex/generic/infwarerr/infwarerr.sty))
(/usr/local/texlive/2023/texmf-dist/tex/latex/kvsetkeys/kvsetkeys.sty)
(/usr/local/texlive/2023/texmf-dist/tex/generic/kvdefinekeys/kvdefinekeys.sty)
(/usr/local/texlive/2023/texmf-dist/tex/generic/pdfescape/pdfescape.sty)
(/usr/local/texlive/2023/texmf-dist/tex/latex/hycolor/hycolor.sty)
(/usr/local/texlive/2023/texmf-dist/tex/latex/letltxmacro/letltxmacro.sty)
(/usr/local/texlive/2023/texmf-dist/tex/latex/auxhook/auxhook.sty)
(/usr/local/texlive/2023/texmf-dist/tex/latex/hyperref/nameref.sty
(/usr/local/texlive/2023/texmf-dist/tex/latex/refcount/refcount.sty)
(/usr/local/texlive/2023/texmf-dist/tex/generic/gettitlestring/gettitlestring.s
ty (/usr/local/texlive/2023/texmf-dist/tex/latex/kvoptions/kvoptions.sty)))
(/usr/local/texlive/2023/texmf-dist/tex/latex/hyperref/pd1enc.def)
(/usr/local/texlive/2023/texmf-dist/tex/generic/intcalc/intcalc.sty)
(/usr/local/texlive/2023/texmf-dist/tex/generic/etexcmds/etexcmds.sty)
(/usr/local/texlive/2023/texmf-dist/tex/latex/hyperref/puenc.def)
(/usr/local/texlive/2023/texmf-dist/tex/generic/bitset/bitset.sty
(/usr/local/texlive/2023/texmf-dist/tex/generic/bigintcalc/bigintcalc.sty))
(/usr/local/texlive/2023/texmf-dist/tex/latex/base/atbegshi-ltx.sty))
(/usr/local/texlive/2023/texmf-dist/tex/latex/hyperref/hpdftex.def
(/usr/local/texlive/2023/texmf-dist/tex/latex/base/atveryend-ltx.sty)
(/usr/local/texlive/2023/texmf-dist/tex/latex/rerunfilecheck/rerunfilecheck.sty

(/usr/local/texlive/2023/texmf-dist/tex/generic/uniquecounter/uniquecounter.sty
)))) (/usr/local/texlive/2023/texmf-dist/tex/latex/base/makeidx.sty)
(/usr/local/texlive/2023/texmf-dist/tex/latex/base/inputenc.sty)
Writing index file Rd2.idx
(/usr/local/texlive/2023/texmf-dist/tex/latex/psnfss/t1ptm.fd)
(/usr/local/texlive/2023/texmf-dist/tex/latex/l3backend/l3backend-pdftex.def)
(/private/var/folders/sg/5zr6m1r54vx5zwj7z8yqkms00000gn/T/RtmpPTBGsY/Rd2pdf1072
d6705fc3f/Rd2.aux)
(/usr/local/texlive/2023/texmf-dist/tex/context/base/mkii/supp-pdf.mkii
[Loading MPS to PDF converter (version 2006.09.02).]
)
(/private/var/folders/sg/5zr6m1r54vx5zwj7z8yqkms00000gn/T/RtmpPTBGsY/Rd2pdf1072
d6705fc3f/Rd2.out)
(/private/var/folders/sg/5zr6m1r54vx5zwj7z8yqkms00000gn/T/RtmpPTBGsY/Rd2pdf1072
d6705fc3f/Rd2.out)
(/usr/local/texlive/2023/texmf-dist/tex/latex/inconsolata/t1zi4.fd)
(/usr/local/texlive/2023/texmf-dist/tex/latex/amsfonts/umsa.fd)
(/usr/local/texlive/2023/texmf-dist/tex/latex/amsfonts/umsb.fd)
(/usr/local/texlive/2023/texmf-dist/tex/latex/jknapltx/ursfs.fd)
Overfull \hbox (166.6901pt too wide) in paragraph at lines 28--29
\T1/ptm/m/n/10 tava.(2012) <[][]doi:10.1080/03610926.2011.581786[][]>; Schott, 
James R.(2007) <[][]doi:10.1016/j.jmva.2006.11.007[][]>; Zhou, Bu, Jia Guo, and
 Jin- 
[1{/usr/local/texlive/2023/texmf-var/fonts/map/pdftex/updmap/pdftex.map}{/usr/l
ocal/texlive/2023/texmf-dist/fonts/enc/dvips/base/8r.enc}{/usr/local/texlive/20
23/texmf-dist/fonts/enc/dvips/inconsolata/i4-t1-0.enc}]
(/usr/local/texlive/2023/texmf-dist/tex/latex/psnfss/t1phv.fd)
(/private/var/folders/sg/5zr6m1r54vx5zwj7z8yqkms00000gn/T/RtmpPTBGsY/Rd2pdf1072
d6705fc3f/Rd2.toc)
Overfull \hbox (27.37949pt too wide) in paragraph at lines 53--54
\T1/ptm/m/n/10 Saranadasa.(1996) [][]$\T1/zi4/m/n/10 https : / / www . jstor . 
org / stable / 24306018$[][]\T1/ptm/m/n/10 ; Chen, Song Xi, and Ying-Li Qin.(20
10)

Overfull \hbox (25.35872pt too wide) in paragraph at lines 53--54
\T1/ptm/m/n/10 Zhang.(2020) [][]doi:10.1016/j.ecosta.2019.12.002[][]; Zhang, Li
ang, Tian-ming Zhu, and Jin-Ting Zhang.(2023)

Overfull \hbox (86.19916pt too wide) in paragraph at lines 53--54
[][]\T1/ptm/m/n/10 doi:10.1080/02664763.2020.1834516[][]; Zhang, Jin-Ting, and 
Tian-ming Zhu.(2022) [][]doi:10.1080/10485252.2021.2015768[][];

Overfull \hbox (2.92876pt too wide) in paragraph at lines 53--54
\T1/ptm/m/n/10 Zhang, Jin-Ting, and Tian-ming Zhu.(2022) [][]doi:10.1007/s42519
-021-00232-w[][]; Zhu, Tian-ming, Pengfei

Overfull \hbox (14.28888pt too wide) in paragraph at lines 53--54
\T1/ptm/m/n/10 Guo.(2022) [][]doi:10.1016/j.jmva.2021.104816[][]; Zhu, Tian-min
g, Liang Zhang, and Jin-Ting Zhang.(2022)
[2] (/usr/local/texlive/2023/texmf-dist/tex/latex/psnfss/ts1ptm.fd) [3]
[4] [5]
Overfull \hbox (29.91745pt too wide) in paragraph at lines 245--249
\T1/ptm/m/n/10 eroscedas-tic-ity.'' \T1/ptm/m/it/10 Jour-nal of Sta-tis-ti-cal 
Plan-ning and In-fer-ence\T1/ptm/m/n/10 , \T1/ptm/b/n/10 188\T1/ptm/m/n/10 , 36
--54. [][]doi:10.1016/j.jspi.2017.03.005[][]. 
[6]
Overfull \hbox (14.3668pt too wide) in paragraph at lines 280--281
[]\T1/ptm/m/n/10 Zhang and Zhu (2022)'s test for gen-eral lin-ear hy-poth-e-sis
 test-ing (GLHT) prob-lem for high-dimensional
[7]
Overfull \hbox (5.88618pt too wide) in paragraph at lines 335--339
[]\T1/ptm/m/n/10 Zhang J, Zhu T (2022). ``A new nor-mal ref-er-ence test for li
n-ear hy-poth-e-sis test-ing in high-dimensional

Overfull \hbox (1.75652pt too wide) in paragraph at lines 370--371
[]\T1/ptm/m/n/10 Zhang et al. (2022)'s test for gen-eral lin-ear hy-poth-e-sis 
test-ing (GLHT) prob-lem for high-dimensional
[8] [9] [10]
Overfull \hbox (42.77475pt too wide) in paragraph at lines 520--520
 []\T1/zi4/m/n/9 X <- matrix(c(rep(1,n[1]),rep(0,sum(n)),rep(1,n[2]),rep(0,sum(
n)),rep(1,n[3])),ncol=k,nrow=sum(n))[] 
[11]
Overfull \hbox (9.90785pt too wide) in paragraph at lines 584--588
\T1/ptm/m/n/10 the di-men-sion.'' \T1/ptm/m/it/10 Jour-nal of Mul-ti-vari-ate A
nal-y-sis\T1/ptm/m/n/10 , \T1/ptm/b/n/10 97\T1/ptm/m/n/10 (9), 1927--1940. [][]
doi:10.1016/j.jmva.2005.08.010[][]. 

Overfull \hbox (42.77475pt too wide) in paragraph at lines 599--599
 []\T1/zi4/m/n/9 X <- matrix(c(rep(1,n[1]),rep(0,sum(n)),rep(1,n[2]),rep(0,sum(
n)),rep(1,n[3])),ncol=k,nrow=sum(n))[] 
[12] [13]
Overfull \hbox (42.77475pt too wide) in paragraph at lines 680--680
 []\T1/zi4/m/n/9 X <- matrix(c(rep(1,n[1]),rep(0,sum(n)),rep(1,n[2]),rep(0,sum(
n)),rep(1,n[3])),ncol=k,nrow=sum(n))[] 

Overfull \hbox (1.75652pt too wide) in paragraph at lines 700--701
[]\T1/ptm/m/n/10 Zhang et al. (2017)'s test for gen-eral lin-ear hy-poth-e-sis 
test-ing (GLHT) prob-lem for high-dimensional
[14]
Overfull \hbox (4.39745pt too wide) in paragraph at lines 755--759
[]\T1/ptm/m/n/10 Zhang J, Guo J, Zhou B (2017). ``Lin-ear hy-poth-e-sis test-in
g in high-dimensional one-way MANOVA.''

Overfull \hbox (14.3668pt too wide) in paragraph at lines 787--788
[]\T1/ptm/m/n/10 Zhu and Zhang (2022)'s test for gen-eral lin-ear hy-poth-e-sis
 test-ing (GLHT) prob-lem for high-dimensional
[15] [16] [17] [18] [19] [20] [21] [22] [23] [24] [25]
Overfull \hbox (1.19743pt too wide) in paragraph at lines 1412--1416
[]\T1/ptm/m/n/10 Zhang J, Zhou B, Guo J, Zhu T (2021). ``Two-sample Behrens-Fis
her prob-lems for high-dimensional
[26] [27] [28] [29] [30] [31] [32] [33] [34]
(/private/var/folders/sg/5zr6m1r54vx5zwj7z8yqkms00000gn/T/RtmpPTBGsY/Rd2pdf1072
d6705fc3f/Rd2.ind [35]

LaTeX Font Warning: Font shape `T1/zi4/m/it' undefined
(Font)              using `T1/zi4/m/n' instead on input line 56.

[36])
(/private/var/folders/sg/5zr6m1r54vx5zwj7z8yqkms00000gn/T/RtmpPTBGsY/Rd2pdf1072
d6705fc3f/Rd2.aux)

LaTeX Font Warning: Some font shapes were not available, defaults substituted.


Package rerunfilecheck Warning: File `Rd2.out' has changed.
(rerunfilecheck)                Rerun to get outlines right
(rerunfilecheck)                or use package `bookmark'.

 )
(see the transcript file for additional information)</usr/local/texlive/2023/te
xmf-dist/fonts/type1/public/inconsolata/Inconsolata-zi4r.pfb></usr/local/texliv
e/2023/texmf-dist/fonts/type1/public/amsfonts/cm/cmbx10.pfb></usr/local/texlive
/2023/texmf-dist/fonts/type1/public/amsfonts/cm/cmex10.pfb></usr/local/texlive/
2023/texmf-dist/fonts/type1/public/amsfonts/cm/cmmi10.pfb></usr/local/texlive/2
023/texmf-dist/fonts/type1/public/amsfonts/cm/cmmi5.pfb></usr/local/texlive/202
3/texmf-dist/fonts/type1/public/amsfonts/cm/cmmi7.pfb></usr/local/texlive/2023/
texmf-dist/fonts/type1/public/amsfonts/cm/cmmib10.pfb></usr/local/texlive/2023/
texmf-dist/fonts/type1/public/amsfonts/cmextra/cmmib7.pfb></usr/local/texlive/2
023/texmf-dist/fonts/type1/public/amsfonts/cm/cmr10.pfb></usr/local/texlive/202
3/texmf-dist/fonts/type1/public/amsfonts/cm/cmr5.pfb></usr/local/texlive/2023/t
exmf-dist/fonts/type1/public/amsfonts/cm/cmr7.pfb></usr/local/texlive/2023/texm
f-dist/fonts/type1/public/amsfonts/cm/cmsy10.pfb></usr/local/texlive/2023/texmf
-dist/fonts/type1/public/amsfonts/cm/cmsy7.pfb></usr/local/texlive/2023/texmf-d
ist/fonts/type1/urw/helvetic/uhvr8a.pfb></usr/local/texlive/2023/texmf-dist/fon
ts/type1/urw/times/utmb8a.pfb></usr/local/texlive/2023/texmf-dist/fonts/type1/u
rw/times/utmr8a.pfb></usr/local/texlive/2023/texmf-dist/fonts/type1/urw/times/u
tmr8a.pfb></usr/local/texlive/2023/texmf-dist/fonts/type1/urw/times/utmri8a.pfb
>
Output written on Rd2.pdf (36 pages, 304026 bytes).
Transcript written on Rd2.log.
This is makeindex, version 2.17 [TeX Live 2023] (kpathsea + Thai support).
Scanning input file Rd2.idx....done (51 entries accepted, 0 rejected).
Sorting entries....done (287 comparisons).
Generating output file Rd2.ind....done (78 lines written, 0 warnings).
Output written in Rd2.ind.
Transcript written in Rd2.ilg.
This is pdfTeX, Version 3.141592653-2.6-1.40.25 (TeX Live 2023) (preloaded format=pdflatex)
 restricted \write18 enabled.
entering extended mode
LaTeX2e <2022-11-01> patch level 1
L3 programming layer <2023-02-22> (./Rd2.tex
(/usr/local/texlive/2023/texmf-dist/tex/latex/base/book.cls
Document Class: book 2022/07/02 v1.4n Standard LaTeX document class
(/usr/local/texlive/2023/texmf-dist/tex/latex/base/bk10.clo))
(/Library/Frameworks/R.framework/Resources/share/texmf/tex/latex/Rd.sty
(/usr/local/texlive/2023/texmf-dist/tex/latex/base/ifthen.sty)
(/usr/local/texlive/2023/texmf-dist/tex/latex/tools/longtable.sty)
(/usr/local/texlive/2023/texmf-dist/tex/latex/tools/bm.sty)
(/usr/local/texlive/2023/texmf-dist/tex/latex/base/alltt.sty)
(/usr/local/texlive/2023/texmf-dist/tex/latex/tools/verbatim.sty)
(/usr/local/texlive/2023/texmf-dist/tex/latex/url/url.sty)
(/usr/local/texlive/2023/texmf-dist/tex/latex/base/textcomp.sty)
(/usr/local/texlive/2023/texmf-dist/tex/latex/amsmath/amsmath.sty
For additional information on amsmath, use the `?' option.
(/usr/local/texlive/2023/texmf-dist/tex/latex/amsmath/amstext.sty
(/usr/local/texlive/2023/texmf-dist/tex/latex/amsmath/amsgen.sty))
(/usr/local/texlive/2023/texmf-dist/tex/latex/amsmath/amsbsy.sty)
(/usr/local/texlive/2023/texmf-dist/tex/latex/amsmath/amsopn.sty))
(/usr/local/texlive/2023/texmf-dist/tex/latex/amsfonts/amsfonts.sty)
(/usr/local/texlive/2023/texmf-dist/tex/latex/amsfonts/amssymb.sty)
(/usr/local/texlive/2023/texmf-dist/tex/latex/jknapltx/mathrsfs.sty)
(/usr/local/texlive/2023/texmf-dist/tex/generic/iftex/iftex.sty)
(/usr/local/texlive/2023/texmf-dist/tex/latex/base/fontenc.sty)
(/usr/local/texlive/2023/texmf-dist/tex/latex/psnfss/times.sty)
(/usr/local/texlive/2023/texmf-dist/tex/latex/inconsolata/zi4.sty
`inconsolata-zi4' v1.12, 2019/05/17 Text macros for Inconsolata (msharpe)
(/usr/local/texlive/2023/texmf-dist/tex/latex/xkeyval/xkeyval.sty
(/usr/local/texlive/2023/texmf-dist/tex/generic/xkeyval/xkeyval.tex
(/usr/local/texlive/2023/texmf-dist/tex/generic/xkeyval/xkvutils.tex
(/usr/local/texlive/2023/texmf-dist/tex/generic/xkeyval/keyval.tex)))))
(/usr/local/texlive/2023/texmf-dist/tex/latex/graphics/color.sty
(/usr/local/texlive/2023/texmf-dist/tex/latex/graphics-cfg/color.cfg)
(/usr/local/texlive/2023/texmf-dist/tex/latex/graphics-def/pdftex.def)
(/usr/local/texlive/2023/texmf-dist/tex/latex/graphics/mathcolor.ltx))
(/usr/local/texlive/2023/texmf-dist/tex/latex/hyperref/hyperref.sty
(/usr/local/texlive/2023/texmf-dist/tex/generic/ltxcmds/ltxcmds.sty)
(/usr/local/texlive/2023/texmf-dist/tex/generic/pdftexcmds/pdftexcmds.sty
(/usr/local/texlive/2023/texmf-dist/tex/generic/infwarerr/infwarerr.sty))
(/usr/local/texlive/2023/texmf-dist/tex/latex/kvsetkeys/kvsetkeys.sty)
(/usr/local/texlive/2023/texmf-dist/tex/generic/kvdefinekeys/kvdefinekeys.sty)
(/usr/local/texlive/2023/texmf-dist/tex/generic/pdfescape/pdfescape.sty)
(/usr/local/texlive/2023/texmf-dist/tex/latex/hycolor/hycolor.sty)
(/usr/local/texlive/2023/texmf-dist/tex/latex/letltxmacro/letltxmacro.sty)
(/usr/local/texlive/2023/texmf-dist/tex/latex/auxhook/auxhook.sty)
(/usr/local/texlive/2023/texmf-dist/tex/latex/hyperref/nameref.sty
(/usr/local/texlive/2023/texmf-dist/tex/latex/refcount/refcount.sty)
(/usr/local/texlive/2023/texmf-dist/tex/generic/gettitlestring/gettitlestring.s
ty (/usr/local/texlive/2023/texmf-dist/tex/latex/kvoptions/kvoptions.sty)))
(/usr/local/texlive/2023/texmf-dist/tex/latex/hyperref/pd1enc.def)
(/usr/local/texlive/2023/texmf-dist/tex/generic/intcalc/intcalc.sty)
(/usr/local/texlive/2023/texmf-dist/tex/generic/etexcmds/etexcmds.sty)
(/usr/local/texlive/2023/texmf-dist/tex/latex/hyperref/puenc.def)
(/usr/local/texlive/2023/texmf-dist/tex/generic/bitset/bitset.sty
(/usr/local/texlive/2023/texmf-dist/tex/generic/bigintcalc/bigintcalc.sty))
(/usr/local/texlive/2023/texmf-dist/tex/latex/base/atbegshi-ltx.sty))
(/usr/local/texlive/2023/texmf-dist/tex/latex/hyperref/hpdftex.def
(/usr/local/texlive/2023/texmf-dist/tex/latex/base/atveryend-ltx.sty)
(/usr/local/texlive/2023/texmf-dist/tex/latex/rerunfilecheck/rerunfilecheck.sty

(/usr/local/texlive/2023/texmf-dist/tex/generic/uniquecounter/uniquecounter.sty
)))) (/usr/local/texlive/2023/texmf-dist/tex/latex/base/makeidx.sty)
(/usr/local/texlive/2023/texmf-dist/tex/latex/base/inputenc.sty)
Writing index file Rd2.idx
(/usr/local/texlive/2023/texmf-dist/tex/latex/psnfss/t1ptm.fd)
(/usr/local/texlive/2023/texmf-dist/tex/latex/l3backend/l3backend-pdftex.def)
(/private/var/folders/sg/5zr6m1r54vx5zwj7z8yqkms00000gn/T/RtmpPTBGsY/Rd2pdf1072
d6705fc3f/Rd2.aux)
(/usr/local/texlive/2023/texmf-dist/tex/context/base/mkii/supp-pdf.mkii
[Loading MPS to PDF converter (version 2006.09.02).]
)
(/private/var/folders/sg/5zr6m1r54vx5zwj7z8yqkms00000gn/T/RtmpPTBGsY/Rd2pdf1072
d6705fc3f/Rd2.out)
(/private/var/folders/sg/5zr6m1r54vx5zwj7z8yqkms00000gn/T/RtmpPTBGsY/Rd2pdf1072
d6705fc3f/Rd2.out)
(/usr/local/texlive/2023/texmf-dist/tex/latex/inconsolata/t1zi4.fd)
(/usr/local/texlive/2023/texmf-dist/tex/latex/amsfonts/umsa.fd)
(/usr/local/texlive/2023/texmf-dist/tex/latex/amsfonts/umsb.fd)
(/usr/local/texlive/2023/texmf-dist/tex/latex/jknapltx/ursfs.fd)
Overfull \hbox (166.6901pt too wide) in paragraph at lines 28--29
\T1/ptm/m/n/10 tava.(2012) <[][]doi:10.1080/03610926.2011.581786[][]>; Schott, 
James R.(2007) <[][]doi:10.1016/j.jmva.2006.11.007[][]>; Zhou, Bu, Jia Guo, and
 Jin- 
[1{/usr/local/texlive/2023/texmf-var/fonts/map/pdftex/updmap/pdftex.map}{/usr/l
ocal/texlive/2023/texmf-dist/fonts/enc/dvips/base/8r.enc}{/usr/local/texlive/20
23/texmf-dist/fonts/enc/dvips/inconsolata/i4-t1-0.enc}]
(/usr/local/texlive/2023/texmf-dist/tex/latex/psnfss/t1phv.fd)
(/private/var/folders/sg/5zr6m1r54vx5zwj7z8yqkms00000gn/T/RtmpPTBGsY/Rd2pdf1072
d6705fc3f/Rd2.toc)
Overfull \hbox (27.37949pt too wide) in paragraph at lines 53--54
\T1/ptm/m/n/10 Saranadasa.(1996) [][]$\T1/zi4/m/n/10 https : / / www . jstor . 
org / stable / 24306018$[][]\T1/ptm/m/n/10 ; Chen, Song Xi, and Ying-Li Qin.(20
10)

Overfull \hbox (25.35872pt too wide) in paragraph at lines 53--54
\T1/ptm/m/n/10 Zhang.(2020) [][]doi:10.1016/j.ecosta.2019.12.002[][]; Zhang, Li
ang, Tian-ming Zhu, and Jin-Ting Zhang.(2023)

Overfull \hbox (86.19916pt too wide) in paragraph at lines 53--54
[][]\T1/ptm/m/n/10 doi:10.1080/02664763.2020.1834516[][]; Zhang, Jin-Ting, and 
Tian-ming Zhu.(2022) [][]doi:10.1080/10485252.2021.2015768[][];

Overfull \hbox (2.92876pt too wide) in paragraph at lines 53--54
\T1/ptm/m/n/10 Zhang, Jin-Ting, and Tian-ming Zhu.(2022) [][]doi:10.1007/s42519
-021-00232-w[][]; Zhu, Tian-ming, Pengfei

Overfull \hbox (14.28888pt too wide) in paragraph at lines 53--54
\T1/ptm/m/n/10 Guo.(2022) [][]doi:10.1016/j.jmva.2021.104816[][]; Zhu, Tian-min
g, Liang Zhang, and Jin-Ting Zhang.(2022)
[2] (/usr/local/texlive/2023/texmf-dist/tex/latex/psnfss/ts1ptm.fd) [3]
[4] [5]
Overfull \hbox (29.91745pt too wide) in paragraph at lines 245--249
\T1/ptm/m/n/10 eroscedas-tic-ity.'' \T1/ptm/m/it/10 Jour-nal of Sta-tis-ti-cal 
Plan-ning and In-fer-ence\T1/ptm/m/n/10 , \T1/ptm/b/n/10 188\T1/ptm/m/n/10 , 36
--54. [][]doi:10.1016/j.jspi.2017.03.005[][]. 
[6]
Overfull \hbox (14.3668pt too wide) in paragraph at lines 280--281
[]\T1/ptm/m/n/10 Zhang and Zhu (2022)'s test for gen-eral lin-ear hy-poth-e-sis
 test-ing (GLHT) prob-lem for high-dimensional
[7]
Overfull \hbox (5.88618pt too wide) in paragraph at lines 335--339
[]\T1/ptm/m/n/10 Zhang J, Zhu T (2022). ``A new nor-mal ref-er-ence test for li
n-ear hy-poth-e-sis test-ing in high-dimensional

Overfull \hbox (1.75652pt too wide) in paragraph at lines 370--371
[]\T1/ptm/m/n/10 Zhang et al. (2022)'s test for gen-eral lin-ear hy-poth-e-sis 
test-ing (GLHT) prob-lem for high-dimensional
[8] [9] [10]
Overfull \hbox (42.77475pt too wide) in paragraph at lines 520--520
 []\T1/zi4/m/n/9 X <- matrix(c(rep(1,n[1]),rep(0,sum(n)),rep(1,n[2]),rep(0,sum(
n)),rep(1,n[3])),ncol=k,nrow=sum(n))[] 
[11]
Overfull \hbox (9.90785pt too wide) in paragraph at lines 584--588
\T1/ptm/m/n/10 the di-men-sion.'' \T1/ptm/m/it/10 Jour-nal of Mul-ti-vari-ate A
nal-y-sis\T1/ptm/m/n/10 , \T1/ptm/b/n/10 97\T1/ptm/m/n/10 (9), 1927--1940. [][]
doi:10.1016/j.jmva.2005.08.010[][]. 

Overfull \hbox (42.77475pt too wide) in paragraph at lines 599--599
 []\T1/zi4/m/n/9 X <- matrix(c(rep(1,n[1]),rep(0,sum(n)),rep(1,n[2]),rep(0,sum(
n)),rep(1,n[3])),ncol=k,nrow=sum(n))[] 
[12] [13]
Overfull \hbox (42.77475pt too wide) in paragraph at lines 680--680
 []\T1/zi4/m/n/9 X <- matrix(c(rep(1,n[1]),rep(0,sum(n)),rep(1,n[2]),rep(0,sum(
n)),rep(1,n[3])),ncol=k,nrow=sum(n))[] 

Overfull \hbox (1.75652pt too wide) in paragraph at lines 700--701
[]\T1/ptm/m/n/10 Zhang et al. (2017)'s test for gen-eral lin-ear hy-poth-e-sis 
test-ing (GLHT) prob-lem for high-dimensional
[14]
Overfull \hbox (4.39745pt too wide) in paragraph at lines 755--759
[]\T1/ptm/m/n/10 Zhang J, Guo J, Zhou B (2017). ``Lin-ear hy-poth-e-sis test-in
g in high-dimensional one-way MANOVA.''

Overfull \hbox (14.3668pt too wide) in paragraph at lines 787--788
[]\T1/ptm/m/n/10 Zhu and Zhang (2022)'s test for gen-eral lin-ear hy-poth-e-sis
 test-ing (GLHT) prob-lem for high-dimensional
[15] [16] [17] [18] [19] [20] [21] [22] [23] [24] [25]
Overfull \hbox (1.19743pt too wide) in paragraph at lines 1412--1416
[]\T1/ptm/m/n/10 Zhang J, Zhou B, Guo J, Zhu T (2021). ``Two-sample Behrens-Fis
her prob-lems for high-dimensional
[26] [27] [28] [29] [30] [31] [32] [33] [34]
(/private/var/folders/sg/5zr6m1r54vx5zwj7z8yqkms00000gn/T/RtmpPTBGsY/Rd2pdf1072
d6705fc3f/Rd2.ind [35]

LaTeX Font Warning: Font shape `T1/zi4/m/it' undefined
(Font)              using `T1/zi4/m/n' instead on input line 56.

[36])
(/private/var/folders/sg/5zr6m1r54vx5zwj7z8yqkms00000gn/T/RtmpPTBGsY/Rd2pdf1072
d6705fc3f/Rd2.aux)

LaTeX Font Warning: Some font shapes were not available, defaults substituted.

 )
(see the transcript file for additional information)</usr/local/texlive/2023/te
xmf-dist/fonts/type1/public/inconsolata/Inconsolata-zi4r.pfb></usr/local/texliv
e/2023/texmf-dist/fonts/type1/public/amsfonts/cm/cmbx10.pfb></usr/local/texlive
/2023/texmf-dist/fonts/type1/public/amsfonts/cm/cmex10.pfb></usr/local/texlive/
2023/texmf-dist/fonts/type1/public/amsfonts/cm/cmmi10.pfb></usr/local/texlive/2
023/texmf-dist/fonts/type1/public/amsfonts/cm/cmmi5.pfb></usr/local/texlive/202
3/texmf-dist/fonts/type1/public/amsfonts/cm/cmmi7.pfb></usr/local/texlive/2023/
texmf-dist/fonts/type1/public/amsfonts/cm/cmmib10.pfb></usr/local/texlive/2023/
texmf-dist/fonts/type1/public/amsfonts/cmextra/cmmib7.pfb></usr/local/texlive/2
023/texmf-dist/fonts/type1/public/amsfonts/cm/cmr10.pfb></usr/local/texlive/202
3/texmf-dist/fonts/type1/public/amsfonts/cm/cmr5.pfb></usr/local/texlive/2023/t
exmf-dist/fonts/type1/public/amsfonts/cm/cmr7.pfb></usr/local/texlive/2023/texm
f-dist/fonts/type1/public/amsfonts/cm/cmsy10.pfb></usr/local/texlive/2023/texmf
-dist/fonts/type1/public/amsfonts/cm/cmsy7.pfb></usr/local/texlive/2023/texmf-d
ist/fonts/type1/urw/helvetic/uhvr8a.pfb></usr/local/texlive/2023/texmf-dist/fon
ts/type1/urw/times/utmb8a.pfb></usr/local/texlive/2023/texmf-dist/fonts/type1/u
rw/times/utmr8a.pfb></usr/local/texlive/2023/texmf-dist/fonts/type1/urw/times/u
tmr8a.pfb></usr/local/texlive/2023/texmf-dist/fonts/type1/urw/times/utmri8a.pfb
>
Output written on Rd2.pdf (36 pages, 304097 bytes).
Transcript written on Rd2.log.
Saving output to ‘HDNRA-manual.pdf’ ...
Done
You may want to clean up by 'rm -Rf /var/folders/sg/5zr6m1r54vx5zwj7z8yqkms00000gn/T//RtmpPTBGsY/Rd2pdf1072d6705fc3f'
